#--@ twig-@ twig-@ elioMaster-@ Fri 10 Aug 20:02:51 EEST 2018-@ testing flesh with emberjs
#--@ twig-@ twig-@ elioMaster-@ Fri 10 Aug 20:02:51 EEST 2018-@ committed
#--@ twig-@ twig-@ elioMaster-@ Fri 10 Aug 20:04:08 EEST 2018-@ testing flesh with emberjs
#--@ twig-@ twig-@ elioMaster-@ Fri 10 Aug 20:04:08 EEST 2018-@ committed
#--@ twig-@ twig-@ elioMaster-@ Fri 10 Aug 20:04:56 EEST 2018-@ testing flesh with emberjs
#--@ twig-@ twig-@ elioMaster-@ Fri 10 Aug 20:04:56 EEST 2018-@ committed
#--@ twig-@ twig-@ elioMaster-@ Fri 10 Aug 20:06:24 EEST 2018-@ testing flesh with emberjs
#--@ twig-@ twig-@ elioMaster-@ Fri 10 Aug 20:06:24 EEST 2018-@ committed
#--@ twig-@ twig-@ elioMaster-@ Fri 10 Aug 20:06:45 EEST 2018-@ testing flesh with emberjs
#--@ twig-@ twig-@ elioMaster-@ Fri 10 Aug 20:06:45 EEST 2018-@ committed
#--@ twig-@ twig-@ elioMaster-@ Fri 10 Aug 20:06:56 EEST 2018-@ testing flesh with emberjs
#--@ twig-@ twig-@ elioMaster-@ Fri 10 Aug 20:06:56 EEST 2018-@ committed
#--@ twig-@ twig-@ elioMaster-@ Fri 10 Aug 20:07:16 EEST 2018-@ testing flesh with emberjs
#--@ twig-@ twig-@ elioMaster-@ Fri 10 Aug 20:07:16 EEST 2018-@ committed
#--@ twig-@ twig-@ elioMaster-@ Fri 10 Aug 20:07:23 EEST 2018-@ testing flesh with emberjs
#--@ twig-@ twig-@ elioMaster-@ Fri 10 Aug 20:07:23 EEST 2018-@ committed
#--@ twig-@ twig-@ elioMaster-@ Fri 10 Aug 20:07:33 EEST 2018-@ testing flesh with emberjs
#--@ twig-@ twig-@ elioMaster-@ Fri 10 Aug 20:07:33 EEST 2018-@ committed
#--@ twig-@ twig-@ elioMaster-@ Fri 10 Aug 20:07:39 EEST 2018-@ testing flesh with emberjs
#--@ twig-@ twig-@ elioMaster-@ Fri 10 Aug 20:07:39 EEST 2018-@ committed
#--@ twig-@ twig-@ elioMaster-@ Fri 10 Aug 20:07:46 EEST 2018-@ testing flesh with emberjs
#--@ twig-@ twig-@ elioMaster-@ Fri 10 Aug 20:07:46 EEST 2018-@ committed
#--@ twig-@ twig-@ elioMaster-@ Fri 10 Aug 20:07:58 EEST 2018-@ testing flesh with emberjs
#--@ twig-@ twig-@ elioMaster-@ Fri 10 Aug 20:07:58 EEST 2018-@ committed
#--@ twig-@ twig-@ elioMaster-@ Fri 10 Aug 20:09:04 EEST 2018-@ testing flesh with emberjs
#--@ twig-@ twig-@ elioMaster-@ Fri 10 Aug 20:09:04 EEST 2018-@ committed
#--@ twig-@ twig-@ elioMaster-@ Fri 10 Aug 20:09:28 EEST 2018-@ testing flesh with emberjs
#--@ twig-@ twig-@ elioMaster-@ Fri 10 Aug 20:09:28 EEST 2018-@ committed
#--@ twig-@ twig-@ elioMaster-@ Fri 10 Aug 20:11:01 EEST 2018-@ testing flesh with emberjs
#--@ twig-@ twig-@ elioMaster-@ Fri 10 Aug 20:11:01 EEST 2018-@ committed
#--@ twig-@ twig-@ elioMaster-@ Fri 10 Aug 20:11:14 EEST 2018-@ testing flesh with emberjs
#--@ twig-@ twig-@ elioMaster-@ Fri 10 Aug 20:11:14 EEST 2018-@ committed
#--@ twig-@ twig-@ elioMaster-@ Fri 10 Aug 20:11:31 EEST 2018-@ testing flesh with emberjs
#--@ twig-@ twig-@ elioMaster-@ Fri 10 Aug 20:11:31 EEST 2018-@ committed
#--@ twig-@ twig-@ elioMaster-@ Fri 10 Aug 20:11:40 EEST 2018-@ testing flesh with emberjs
#--@ twig-@ twig-@ elioMaster-@ Fri 10 Aug 20:11:40 EEST 2018-@ committed
#--@ twig-@ twig-@ elioMaster-@ Fri 10 Aug 20:11:58 EEST 2018-@ testing flesh with emberjs
#--@ twig-@ twig-@ elioMaster-@ Fri 10 Aug 20:11:58 EEST 2018-@ committed
#--@ twig-@ twig-@ elioMaster-@ Fri 10 Aug 20:12:35 EEST 2018-@ testing flesh with emberjs
#--@ twig-@ twig-@ elioMaster-@ Fri 10 Aug 20:12:35 EEST 2018-@ committed
#--@ twig-@ twig-@ elioMaster-@ Fri 10 Aug 22:42:38 EEST 2018-@ testing flesh with emberjs
#--@ twig-@ twig-@ elioMaster-@ Fri 10 Aug 22:42:38 EEST 2018-@ committed
#--@ twig-@ twig-@ elioMaster-@ Fri 10 Aug 23:03:51 EEST 2018-@ testing flesh with emberjs
#--@ twig-@ twig-@ elioMaster-@ Fri 10 Aug 23:03:51 EEST 2018-@ committed
#--@ twig-@ -@ icarusFlight checkout complete-@ Fri 10 Aug 23:33:26 EEST 2018-@ 
#--@ twig-@ -@ icarusFlight checkout complete-@ Fri 10 Aug 23:33:26 EEST 2018-@ committed
#--@ twig-@ twig-@ icarusFlight-@ Fri 10 Aug 23:33:31 EEST 2018-@ bones changes for icarus
#--@ twig-@ twig-@ icarusFlight-@ Fri 10 Aug 23:33:31 EEST 2018-@ committed
#--@ twig-@ -@ icarusFlight checkout complete-@ Fri 10 Aug 23:33:41 EEST 2018-@ 
#--@ twig-@ -@ icarusFlight checkout complete-@ Fri 10 Aug 23:33:41 EEST 2018-@ committed
#--@ twig-@ -@ icarusFlight checkout complete-@ Fri 10 Aug 23:35:47 EEST 2018-@ 
#--@ twig-@ -@ icarusFlight checkout complete-@ Fri 10 Aug 23:35:47 EEST 2018-@ committed
#--@ twig-@ twig-@ icarusFlight-@ Fri 10 Aug 23:58:54 EEST 2018-@ first tutorial didn't work
#--@ twig-@ twig-@ icarusFlight-@ Fri 10 Aug 23:58:54 EEST 2018-@ committed
#--@ twig-@ twig-@ icarusFlight-@ Sat 11 Aug 01:25:17 EEST 2018-@ second tutorial didn't work
#--@ twig-@ twig-@ icarusFlight-@ Sat 11 Aug 01:25:17 EEST 2018-@ committed
#--@ twig-@ twig-@ icarusFlight-@ Sat 11 Aug 12:32:27 EEST 2018-@ scientists
#--@ twig-@ twig-@ icarusFlight-@ Sat 11 Aug 12:32:27 EEST 2018-@ committed
#--@ twig-@ twig-@ icarusFlight-@ Sat 11 Aug 12:36:06 EEST 2018-@ scientists
#--@ twig-@ twig-@ icarusFlight-@ Sat 11 Aug 12:36:06 EEST 2018-@ committed
