Arguments: 
  /snap/node/6895/bin/node /snap/node/6895/bin/yarn.js global dir

PATH: 
  /home/tim/.local/bin/:/usr/local/sbin:/usr/local/bin:/usr/sbin:/usr/bin:/sbin:/bin:/usr/games:/usr/local/games:/snap/bin:/snap/bin

Yarn version: 
  1.22.19

Node version: 
  16.18.1

Platform: 
  linux x64

Trace: 
  Error: ../../../../package.json: EACCES: permission denied, write
      at writeSync (node:fs:920:3)
      at SyncWriteStream._write (node:internal/fs/sync_write_stream:26:3)
      at writeOrBuffer (node:internal/streams/writable:391:12)
      at _write (node:internal/streams/writable:332:10)
      at SyncWriteStream.Writable.write (node:internal/streams/writable:336:10)
      at ConsoleReporter.warn (/snap/node/6895/lib/cli.js:92855:17)
      at warn (/snap/node/6895/lib/cli.js:51326:23)
      at module.exports.exports.default (/snap/node/6895/lib/cli.js:37409:7)
      at /snap/node/6895/lib/cli.js:51337:51
      at Generator.next (<anonymous>)

npm manifest: 
  {
    "author": "Tim Bushell",
    "description": "Reusable Code for elioBones projects, **the elioWay**.",
    "name": "@elioway/bones",
    "version": "1.3.2",
    "tew": {
      "chisel": {
        "Home": "eliobones"
      }
    },
    "bin": "./bin/index.js",
    "dependencies": {
      "@elioway/thing": "^1.0.1",
      "commander": "^9.4.1",
      "lodash": "^4.17.21",
      "winston": "^3.8.2",
      "yargs": "^17.6.2"
    },
    "devDependencies": {
      "chai": "^4.3.7",
      "mocha": "^10.1.0",
      "prettier": "^2.8.0"
    },
    "homepage": "https://elioway.gitlab.io/eliobones/bones",
    "keywords": [
      "schema",
      "nodejs"
    ],
    "license": "MIT",
    "main": "./bones/bones.js",
    "repository": {
      "type": "git",
      "url": "https://gitlab.com/eliobones/bones.git"
    },
    "scripts": {
      "bones": "node bin/index.js",
      "build": "npm run clean && babel ./bones --out-dir dist",
      "clean": "rm -rf ./dist && mkdir dist",
      "dev": "nodemon --exec babel-node ./bones/server.js",
      "prettier": "prettier --write \"**/*.{css,html,js,json,md,mjs,scss,ts,yaml}\" \"!package.json\"",
      "start": "nodemon ./bones/server.js",
      "test": "mocha --exit --timeout 10000"
    }
  }

yarn manifest: 
  No manifest

Lockfile: 
  No lockfile
