Arguments: 
  /snap/node/6895/bin/node /snap/node/6895/bin/yarn.js global dir

PATH: 
  /home/tim/.local/bin/:/usr/local/sbin:/usr/local/bin:/usr/sbin:/usr/bin:/sbin:/bin:/usr/games:/usr/local/games:/snap/bin:/snap/bin

Yarn version: 
  1.22.19

Node version: 
  16.18.1

Platform: 
  linux x64

Trace: 
  Error: ../../../../../../../package.json: EACCES: permission denied, write
      at writeSync (node:fs:920:3)
      at SyncWriteStream._write (node:internal/fs/sync_write_stream:26:3)
      at writeOrBuffer (node:internal/streams/writable:391:12)
      at _write (node:internal/streams/writable:332:10)
      at SyncWriteStream.Writable.write (node:internal/streams/writable:336:10)
      at ConsoleReporter.warn (/snap/node/6895/lib/cli.js:92855:17)
      at warn (/snap/node/6895/lib/cli.js:51326:23)
      at module.exports.exports.default (/snap/node/6895/lib/cli.js:37409:7)
      at /snap/node/6895/lib/cli.js:51337:51
      at Generator.next (<anonymous>)

npm manifest: 
  {
    "description": "Generated by generator-thing.",
    "name": "auth-t",
    "private": true,
    "tew": {
      "chisel": {
        "Home": "spine"
      }
    },
    "dependencies": {
      "@elioway/thing": "^1.0.0"
    },
    "devDependencies": {
      "prettier": "^2.8.0"
    },
    "homepage": "https://elioway.gitlab.io/spine/auth-t/",
    "keywords": [
      "documentation"
    ],
    "license": "MIT",
    "repository": {
      "type": "git",
      "url": "https://gitlab.com/spine/auth-t/"
    },
    "scripts": {
      "chisel": "chisel",
      "prettier": "prettier --write \"**/*.{js,json,scss,md,html}\" \"!package.json\""
    }
  }

yarn manifest: 
  No manifest

Lockfile: 
  No lockfile
